<?xml version="1.0" encoding="UTF-8"?>
<testsuites name="jest tests" tests="1" failures="0" errors="0" time="0.774">
  <testsuite name="toggleTask" errors="0" failures="0" skipped="0" timestamp="2025-10-01T12:24:49" time="0.667" tests="1">
    <testcase classname="toggleTask inverse le champ done" name="toggleTask inverse le champ done" time="0.003">
    </testcase>
  </testsuite>
</testsuites>