<?xml version="1.0" encoding="UTF-8"?>
<testsuites name="jest tests" tests="3" failures="0" errors="0" time="0.796">
  <testsuite name="undefined" errors="0" failures="0" skipped="0" timestamp="2025-10-01T12:32:47" time="0.691" tests="3">
    <testcase classname=" initial task list is empty" name=" initial task list is empty" time="0.004">
    </testcase>
    <testcase classname="countDone retourne 0 quand aucune t창che" name="countDone retourne 0 quand aucune t창che" time="0.001">
    </testcase>
    <testcase classname="countDone compte uniquement les t창ches faites" name="countDone compte uniquement les t창ches faites" time="0">
    </testcase>
  </testsuite>
</testsuites>